<?xml version="1.0" encoding="UTF-8"?>
<!-- Generated by org.testng.reporters.JUnitReportReporter -->
<testsuite hostname="DESKTOP-1U4P8N0" failures="0" tests="1" name="testGITMavenJenkins.TesterOne" time="15.065" errors="0" timestamp="2023-06-18T12:26:21 IST" skipped="0">
  <testcase classname="testGITMavenJenkins.TesterOne" name="method1" time="15.065"/>
</testsuite> <!-- testGITMavenJenkins.TesterOne -->
